android/app/build/intermediates/manifest_merge_blame_file/debug/manifest-merger-blame-debug-report.txt
1<?xml version="1.0" encoding="utf-8"?>
2<manifest xmlns:android="http://schemas.android.com/apk/res/android"
3    package="com.auth0samples.qa"
4    android:versionCode="1"
5    android:versionName="1.0" >
6
7    <uses-sdk
8        android:minSdkVersion="21"
9        android:targetSdkVersion="31" />
10
11    <uses-permission android:name="android.permission.SYSTEM_ALERT_WINDOW" />
11-->src/debug/AndroidManifest.xml:5:5-77
11-->src/debug/AndroidManifest.xml:5:22-75
12    <uses-permission android:name="android.permission.INTERNET" />
12-->src/main/AndroidManifest.xml:4:5-67
12-->src/main/AndroidManifest.xml:4:22-64
13
14    <queries>
14-->[:react-native-auth0] AndroidManifest.xml:14:5-22:15
15        <intent>
15-->[:react-native-auth0] AndroidManifest.xml:15:9-21:18
16            <action android:name="android.intent.action.VIEW" />
16-->[:react-native-auth0] AndroidManifest.xml:16:13-65
16-->[:react-native-auth0] AndroidManifest.xml:16:21-62
17
18            <category android:name="android.intent.category.BROWSABLE" />
18-->[:react-native-auth0] AndroidManifest.xml:18:13-74
18-->[:react-native-auth0] AndroidManifest.xml:18:23-71
19
20            <data android:scheme="https" />
20-->[:react-native-auth0] AndroidManifest.xml:20:13-44
20-->[:react-native-auth0] AndroidManifest.xml:20:19-41
21        </intent>
22    </queries>
23
24    <application
24-->src/main/AndroidManifest.xml:6:5-24:19
25        android:name="com.auth0samples.MainApplication"
25-->src/main/AndroidManifest.xml:7:7-38
26        android:allowBackup="false"
26-->src/main/AndroidManifest.xml:11:7-34
27        android:appComponentFactory="androidx.core.app.CoreComponentFactory"
27-->[androidx.core:core:1.7.0] AndroidManifest.xml:24:18-86
28        android:debuggable="true"
29        android:icon="@mipmap/ic_launcher"
29-->src/main/AndroidManifest.xml:9:7-41
30        android:label="@string/app_name"
30-->src/main/AndroidManifest.xml:8:7-39
31        android:roundIcon="@mipmap/ic_launcher_round"
31-->src/main/AndroidManifest.xml:10:7-52
32        android:theme="@style/AppTheme"
32-->src/main/AndroidManifest.xml:12:7-38
33        android:usesCleartextTraffic="true" >
33-->src/debug/AndroidManifest.xml:8:9-44
34        <activity
34-->src/debug/AndroidManifest.xml:11:9-111
35            android:name="com.facebook.react.devsupport.DevSettingsActivity"
35-->src/debug/AndroidManifest.xml:11:19-83
36            android:exported="false" />
36-->src/debug/AndroidManifest.xml:11:84-108
37        <activity
37-->src/main/AndroidManifest.xml:13:7-23:18
38            android:name="com.auth0samples.MainActivity"
38-->src/main/AndroidManifest.xml:14:9-37
39            android:configChanges="keyboard|keyboardHidden|orientation|screenLayout|screenSize|smallestScreenSize|uiMode"
39-->src/main/AndroidManifest.xml:16:9-118
40            android:exported="true"
40-->src/main/AndroidManifest.xml:18:9-32
41            android:label="@string/app_name"
41-->src/main/AndroidManifest.xml:15:9-41
42            android:windowSoftInputMode="adjustResize" >
42-->src/main/AndroidManifest.xml:17:9-51
43            <intent-filter>
43-->src/main/AndroidManifest.xml:19:9-22:25
44                <action android:name="android.intent.action.MAIN" />
44-->src/main/AndroidManifest.xml:20:13-65
44-->src/main/AndroidManifest.xml:20:21-62
45
46                <category android:name="android.intent.category.LAUNCHER" />
46-->src/main/AndroidManifest.xml:21:13-73
46-->src/main/AndroidManifest.xml:21:23-70
47            </intent-filter>
48        </activity>
49        <activity
49-->[:react-native-auth0] AndroidManifest.xml:25:9-30:75
50            android:name="com.auth0.react.AuthenticationActivity"
50-->[:react-native-auth0] AndroidManifest.xml:26:13-66
51            android:configChanges="screenSize|smallestScreenSize|screenLayout|orientation|keyboard|keyboardHidden"
51-->[:react-native-auth0] AndroidManifest.xml:27:13-115
52            android:exported="false"
52-->[:react-native-auth0] AndroidManifest.xml:28:13-37
53            android:launchMode="singleTask"
53-->[:react-native-auth0] AndroidManifest.xml:29:13-44
54            android:theme="@android:style/Theme.Translucent.NoTitleBar" />
54-->[:react-native-auth0] AndroidManifest.xml:30:13-72
55        <activity
55-->[:react-native-auth0] AndroidManifest.xml:31:9-47:20
56            android:name="com.auth0.react.RedirectActivity"
56-->[:react-native-auth0] AndroidManifest.xml:32:13-60
57            android:exported="true" >
57-->[:react-native-auth0] AndroidManifest.xml:33:13-36
58            <intent-filter android:autoVerify="true" >
58-->[:react-native-auth0] AndroidManifest.xml:34:13-46:29
58-->[:react-native-auth0] AndroidManifest.xml:35:17-42
59                <action android:name="android.intent.action.VIEW" />
59-->[:react-native-auth0] AndroidManifest.xml:16:13-65
59-->[:react-native-auth0] AndroidManifest.xml:16:21-62
60
61                <category android:name="android.intent.category.DEFAULT" />
61-->[:react-native-auth0] AndroidManifest.xml:39:17-76
61-->[:react-native-auth0] AndroidManifest.xml:39:27-73
62                <category android:name="android.intent.category.BROWSABLE" />
62-->[:react-native-auth0] AndroidManifest.xml:18:13-74
62-->[:react-native-auth0] AndroidManifest.xml:18:23-71
63
64                <data
64-->[:react-native-auth0] AndroidManifest.xml:20:13-44
65                    android:host="dev-vpeydxlk5i6w6f2s.us.auth0.com"
66                    android:pathPrefix="/android/com.auth0samples.qa/callback"
67                    android:scheme="com.auth0samples.qa" />
67-->[:react-native-auth0] AndroidManifest.xml:20:19-41
68            </intent-filter>
69        </activity>
70
71        <provider
71-->[androidx.emoji2:emoji2:1.0.0] AndroidManifest.xml:26:9-34:20
72            android:name="androidx.startup.InitializationProvider"
72-->[androidx.emoji2:emoji2:1.0.0] AndroidManifest.xml:27:13-67
73            android:authorities="com.auth0samples.qa.androidx-startup"
73-->[androidx.emoji2:emoji2:1.0.0] AndroidManifest.xml:28:13-68
74            android:exported="false" >
74-->[androidx.emoji2:emoji2:1.0.0] AndroidManifest.xml:29:13-37
75            <meta-data
75-->[androidx.emoji2:emoji2:1.0.0] AndroidManifest.xml:31:13-33:52
76                android:name="androidx.emoji2.text.EmojiCompatInitializer"
76-->[androidx.emoji2:emoji2:1.0.0] AndroidManifest.xml:32:17-75
77                android:value="androidx.startup" />
77-->[androidx.emoji2:emoji2:1.0.0] AndroidManifest.xml:33:17-49
78            <meta-data
78-->[androidx.lifecycle:lifecycle-process:2.4.0] AndroidManifest.xml:31:13-33:52
79                android:name="androidx.lifecycle.ProcessLifecycleInitializer"
79-->[androidx.lifecycle:lifecycle-process:2.4.0] AndroidManifest.xml:32:17-78
80                android:value="androidx.startup" />
80-->[androidx.lifecycle:lifecycle-process:2.4.0] AndroidManifest.xml:33:17-49
81        </provider>
82    </application>
83
84</manifest>